app/build/intermediates/manifest_merge_blame_file/release/manifest-merger-blame-release-report.txt
1<?xml version="1.0" encoding="utf-8"?>
2<manifest xmlns:android="http://schemas.android.com/apk/res/android"
3    package="com.moondev.press"
4    android:versionCode="1"
5    android:versionName="1.0" >
6
7    <uses-sdk
8        android:minSdkVersion="24"
8-->src\main\AndroidManifest.xml
9        android:targetSdkVersion="29" />
9-->src\main\AndroidManifest.xml
10
11    <uses-permission android:name="android.permission.ACCESS_NETWORK_STATE" />
11-->src\main\AndroidManifest.xml:5:5-79
11-->src\main\AndroidManifest.xml:5:22-76
12    <uses-permission android:name="android.permission.INTERNET" />
12-->src\main\AndroidManifest.xml:6:5-67
12-->src\main\AndroidManifest.xml:6:22-64
13
14    <application
14-->src\main\AndroidManifest.xml:8:5-31:19
15        android:allowBackup="true"
15-->src\main\AndroidManifest.xml:9:9-35
16        android:appComponentFactory="androidx.core.app.CoreComponentFactory"
16-->[androidx.core:core:1.3.0] AndroidManifest.xml:24:18-86
17        android:icon="@mipmap/ic_logo"
17-->src\main\AndroidManifest.xml:10:9-39
18        android:label="Our News"
18-->src\main\AndroidManifest.xml:11:9-33
19        android:roundIcon="@mipmap/ic_icon"
19-->src\main\AndroidManifest.xml:12:9-44
20        android:supportsRtl="true"
20-->src\main\AndroidManifest.xml:13:9-35
21        android:theme="@style/BetterAppTheme" >
21-->src\main\AndroidManifest.xml:14:9-46
22        <activity
22-->src\main\AndroidManifest.xml:15:9-17:25
23            android:name="com.moondev.press.MainActivity"
23-->src\main\AndroidManifest.xml:15:19-47
24            android:windowSoftInputMode="adjustNothing" />
24-->src\main\AndroidManifest.xml:16:13-56
25        <activity
25-->src\main\AndroidManifest.xml:18:9-25:20
26            android:name="com.moondev.press.SplashActivity"
26-->src\main\AndroidManifest.xml:18:19-49
27            android:theme="@style/AppTheme.NoActionBar" >
27-->src\main\AndroidManifest.xml:19:13-56
28            <intent-filter>
28-->src\main\AndroidManifest.xml:20:13-24:29
29                <action android:name="android.intent.action.MAIN" />
29-->src\main\AndroidManifest.xml:21:17-69
29-->src\main\AndroidManifest.xml:21:25-66
30
31                <category android:name="android.intent.category.LAUNCHER" />
31-->src\main\AndroidManifest.xml:23:17-77
31-->src\main\AndroidManifest.xml:23:27-74
32            </intent-filter>
33        </activity>
34        <activity
34-->src\main\AndroidManifest.xml:26:9-30:59
35            android:name="com.moondev.press.JournalActivity"
35-->src\main\AndroidManifest.xml:27:13-44
36            android:label="News"
36-->src\main\AndroidManifest.xml:28:13-33
37            android:theme="@style/AppTheme.NoActionBar"
37-->src\main\AndroidManifest.xml:30:13-56
38            android:windowSoftInputMode="adjustNothing" />
38-->src\main\AndroidManifest.xml:29:13-56
39
40        <provider
40-->[androidx.lifecycle:lifecycle-process:2.2.0] AndroidManifest.xml:25:9-29:43
41            android:name="androidx.lifecycle.ProcessLifecycleOwnerInitializer"
41-->[androidx.lifecycle:lifecycle-process:2.2.0] AndroidManifest.xml:26:13-79
42            android:authorities="com.moondev.press.lifecycle-process"
42-->[androidx.lifecycle:lifecycle-process:2.2.0] AndroidManifest.xml:27:13-69
43            android:exported="false"
43-->[androidx.lifecycle:lifecycle-process:2.2.0] AndroidManifest.xml:28:13-37
44            android:multiprocess="true" />
44-->[androidx.lifecycle:lifecycle-process:2.2.0] AndroidManifest.xml:29:13-40
45    </application>
46
47</manifest>